<?xml version="1.0" encoding="UTF-8"?>
<!-- Generated by org.testng.reporters.JUnitReportReporter -->
<testsuite hostname="ProDev" failures="0" tests="1" name="mavenforjenkins.UITest" time="9.113" errors="0" timestamp="2022-11-08T01:13:11 EAT" skipped="0">
  <testcase classname="mavenforjenkins.UITest" name="startBrowser" time="9.113"/>
  <system-out/>
</testsuite> <!-- mavenforjenkins.UITest -->
